# JRE version: Java(TM) SE Runtime Environment (21.0.2+13) (build 21.0.2+13-LTS-58)
# Java VM: Java HotSpot(TM) 64-Bit Server VM (21.0.2+13-LTS-58, mixed mode, sharing, tiered, compressed oops, compressed class ptrs, parallel gc, windows-amd64)
GC Precious Log:
 CardTable entry size: 512
 CPUs: 4 total, 4 available
 Memory: 8047M
 Large Page Support: Disabled
 NUMA Support: Disabled
 Compressed Oops: Enabled (32-bit)
 Alignments: Space 512K, Generation 512K, Heap 2M
 Heap Min Capacity: 100M
 Heap Initial Capacity: 100M
 Heap Max Capacity: 1G
 Pre-touch: Disabled
 Parallel Workers: 4
Heap:
 PSYoungGen      total 24064K, used 2826K [0x00000000eab00000, 0x00000000ec480000, 0x0000000100000000)
  eden space 22016K, 5% used [0x00000000eab00000,0x00000000eac28718,0x00000000ec080000)
  from space 2048K, 80% used [0x00000000ec080000,0x00000000ec21a1b8,0x00000000ec280000)
  to   space 2048K, 0% used [0x00000000ec280000,0x00000000ec280000,0x00000000ec480000)
 ParOldGen       total 68608K, used 24145K [0x00000000c0000000, 0x00000000c4300000, 0x00000000eab00000)
  object space 68608K, 35% used [0x00000000c0000000,0x00000000c17946f0,0x00000000c4300000)
 Metaspace       used 50622K, committed 51712K, reserved 1114112K
  class space    used 5399K, committed 5824K, reserved 1048576K
GC Heap History (20 events):
Event: 8.825 GC heap before
{Heap before GC invocations=12 (full 1):
 PSYoungGen      total 25088K, used 25075K [0x00000000eab00000, 0x00000000ec900000, 0x0000000100000000)
  eden space 23040K, 100% used [0x00000000eab00000,0x00000000ec180000,0x00000000ec180000)
  from space 2048K, 99% used [0x00000000ec700000,0x00000000ec8fceb0,0x00000000ec900000)
  to   space 3584K, 0% used [0x00000000ec200000,0x00000000ec200000,0x00000000ec580000)
 ParOldGen       total 68608K, used 13653K [0x00000000c0000000, 0x00000000c4300000, 0x00000000eab00000)
  object space 68608K, 19% used [0x00000000c0000000,0x00000000c0d557f8,0x00000000c4300000)
 Metaspace       used 31547K, committed 32576K, reserved 1114112K
  class space    used 3095K, committed 3520K, reserved 1048576K
}
Event: 8.828 GC heap after
{Heap after GC invocations=12 (full 1):
 PSYoungGen      total 26112K, used 941K [0x00000000eab00000, 0x00000000ec780000, 0x0000000100000000)
  eden space 22528K, 0% used [0x00000000eab00000,0x00000000eab00000,0x00000000ec100000)
  from space 3584K, 26% used [0x00000000ec200000,0x00000000ec2eb670,0x00000000ec580000)
  to   space 2048K, 0% used [0x00000000ec580000,0x00000000ec580000,0x00000000ec780000)
 ParOldGen       total 68608K, used 15544K [0x00000000c0000000, 0x00000000c4300000, 0x00000000eab00000)
  object space 68608K, 22% used [0x00000000c0000000,0x00000000c0f2e158,0x00000000c4300000)
 Metaspace       used 31547K, committed 32576K, reserved 1114112K
  class space    used 3095K, committed 3520K, reserved 1048576K
}
Event: 9.310 GC heap before
{Heap before GC invocations=13 (full 1):
 PSYoungGen      total 26112K, used 23469K [0x00000000eab00000, 0x00000000ec780000, 0x0000000100000000)
  eden space 22528K, 100% used [0x00000000eab00000,0x00000000ec100000,0x00000000ec100000)
  from space 3584K, 26% used [0x00000000ec200000,0x00000000ec2eb670,0x00000000ec580000)
  to   space 2048K, 0% used [0x00000000ec580000,0x00000000ec580000,0x00000000ec780000)
 ParOldGen       total 68608K, used 15544K [0x00000000c0000000, 0x00000000c4300000, 0x00000000eab00000)
  object space 68608K, 22% used [0x00000000c0000000,0x00000000c0f2e158,0x00000000c4300000)
 Metaspace       used 33823K, committed 34880K, reserved 1114112K
  class space    used 3363K, committed 3776K, reserved 1048576K
}
Event: 9.315 GC heap after
{Heap after GC invocations=13 (full 1):
 PSYoungGen      total 24064K, used 1621K [0x00000000eab00000, 0x00000000ec780000, 0x0000000100000000)
  eden space 22016K, 0% used [0x00000000eab00000,0x00000000eab00000,0x00000000ec080000)
  from space 2048K, 79% used [0x00000000ec580000,0x00000000ec715500,0x00000000ec780000)
  to   space 2048K, 0% used [0x00000000ec380000,0x00000000ec380000,0x00000000ec580000)
 ParOldGen       total 68608K, used 16248K [0x00000000c0000000, 0x00000000c4300000, 0x00000000eab00000)
  object space 68608K, 23% used [0x00000000c0000000,0x00000000c0fde3d8,0x00000000c4300000)
 Metaspace       used 33823K, committed 34880K, reserved 1114112K
  class space    used 3363K, committed 3776K, reserved 1048576K
}
Event: 9.418 GC heap before
{Heap before GC invocations=14 (full 1):
 PSYoungGen      total 24064K, used 7776K [0x00000000eab00000, 0x00000000ec780000, 0x0000000100000000)
  eden space 22016K, 27% used [0x00000000eab00000,0x00000000eb102d10,0x00000000ec080000)
  from space 2048K, 79% used [0x00000000ec580000,0x00000000ec715500,0x00000000ec780000)
  to   space 2048K, 0% used [0x00000000ec380000,0x00000000ec380000,0x00000000ec580000)
 ParOldGen       total 68608K, used 16248K [0x00000000c0000000, 0x00000000c4300000, 0x00000000eab00000)
  object space 68608K, 23% used [0x00000000c0000000,0x00000000c0fde3d8,0x00000000c4300000)
 Metaspace       used 34818K, committed 35840K, reserved 1114112K
  class space    used 3474K, committed 3904K, reserved 1048576K
}
Event: 9.421 GC heap after
{Heap after GC invocations=14 (full 1):
 PSYoungGen      total 22528K, used 256K [0x00000000eab00000, 0x00000000ec600000, 0x0000000100000000)
  eden space 22016K, 0% used [0x00000000eab00000,0x00000000eab00000,0x00000000ec080000)
  from space 512K, 50% used [0x00000000ec380000,0x00000000ec3c0000,0x00000000ec400000)
  to   space 1024K, 0% used [0x00000000ec500000,0x00000000ec500000,0x00000000ec600000)
 ParOldGen       total 68608K, used 17772K [0x00000000c0000000, 0x00000000c4300000, 0x00000000eab00000)
  object space 68608K, 25% used [0x00000000c0000000,0x00000000c115b258,0x00000000c4300000)
 Metaspace       used 34818K, committed 35840K, reserved 1114112K
  class space    used 3474K, committed 3904K, reserved 1048576K
}
Event: 9.421 GC heap before
{Heap before GC invocations=15 (full 2):
 PSYoungGen      total 22528K, used 256K [0x00000000eab00000, 0x00000000ec600000, 0x0000000100000000)
  eden space 22016K, 0% used [0x00000000eab00000,0x00000000eab00000,0x00000000ec080000)
  from space 512K, 50% used [0x00000000ec380000,0x00000000ec3c0000,0x00000000ec400000)
  to   space 1024K, 0% used [0x00000000ec500000,0x00000000ec500000,0x00000000ec600000)
 ParOldGen       total 68608K, used 17772K [0x00000000c0000000, 0x00000000c4300000, 0x00000000eab00000)
  object space 68608K, 25% used [0x00000000c0000000,0x00000000c115b258,0x00000000c4300000)
 Metaspace       used 34818K, committed 35840K, reserved 1114112K
  class space    used 3474K, committed 3904K, reserved 1048576K
}
Event: 9.490 GC heap after
{Heap after GC invocations=15 (full 2):
 PSYoungGen      total 22528K, used 0K [0x00000000eab00000, 0x00000000ec600000, 0x0000000100000000)
  eden space 22016K, 0% used [0x00000000eab00000,0x00000000eab00000,0x00000000ec080000)
  from space 512K, 0% used [0x00000000ec380000,0x00000000ec380000,0x00000000ec400000)
  to   space 1024K, 0% used [0x00000000ec500000,0x00000000ec500000,0x00000000ec600000)
 ParOldGen       total 68608K, used 17467K [0x00000000c0000000, 0x00000000c4300000, 0x00000000eab00000)
  object space 68608K, 25% used [0x00000000c0000000,0x00000000c110efc8,0x00000000c4300000)
 Metaspace       used 34804K, committed 35840K, reserved 1114112K
  class space    used 3470K, committed 3904K, reserved 1048576K
}
Event: 10.681 GC heap before
{Heap before GC invocations=16 (full 2):
 PSYoungGen      total 22528K, used 22016K [0x00000000eab00000, 0x00000000ec600000, 0x0000000100000000)
  eden space 22016K, 100% used [0x00000000eab00000,0x00000000ec080000,0x00000000ec080000)
  from space 512K, 0% used [0x00000000ec380000,0x00000000ec380000,0x00000000ec400000)
  to   space 1024K, 0% used [0x00000000ec500000,0x00000000ec500000,0x00000000ec600000)
 ParOldGen       total 68608K, used 17467K [0x00000000c0000000, 0x00000000c4300000, 0x00000000eab00000)
  object space 68608K, 25% used [0x00000000c0000000,0x00000000c110efc8,0x00000000c4300000)
 Metaspace       used 36716K, committed 37760K, reserved 1114112K
  class space    used 3715K, committed 4160K, reserved 1048576K
}
Event: 10.685 GC heap after
{Heap after GC invocations=16 (full 2):
 PSYoungGen      total 23040K, used 1012K [0x00000000eab00000, 0x00000000ec680000, 0x0000000100000000)
  eden space 22016K, 0% used [0x00000000eab00000,0x00000000eab00000,0x00000000ec080000)
  from space 1024K, 98% used [0x00000000ec500000,0x00000000ec5fd0e8,0x00000000ec600000)
  to   space 3072K, 0% used [0x00000000ec080000,0x00000000ec080000,0x00000000ec380000)
 ParOldGen       total 68608K, used 18962K [0x00000000c0000000, 0x00000000c4300000, 0x00000000eab00000)
  object space 68608K, 27% used [0x00000000c0000000,0x00000000c1284838,0x00000000c4300000)
 Metaspace       used 36716K, committed 37760K, reserved 1114112K
  class space    used 3715K, committed 4160K, reserved 1048576K
}
Event: 11.270 GC heap before
{Heap before GC invocations=17 (full 2):
 PSYoungGen      total 23040K, used 23028K [0x00000000eab00000, 0x00000000ec680000, 0x0000000100000000)
  eden space 22016K, 100% used [0x00000000eab00000,0x00000000ec080000,0x00000000ec080000)
  from space 1024K, 98% used [0x00000000ec500000,0x00000000ec5fd0e8,0x00000000ec600000)
  to   space 3072K, 0% used [0x00000000ec080000,0x00000000ec080000,0x00000000ec380000)
 ParOldGen       total 68608K, used 18962K [0x00000000c0000000, 0x00000000c4300000, 0x00000000eab00000)
  object space 68608K, 27% used [0x00000000c0000000,0x00000000c1284838,0x00000000c4300000)
 Metaspace       used 40412K, committed 41472K, reserved 1114112K
  class space    used 4138K, committed 4544K, reserved 1048576K
}
Event: 11.274 GC heap after
{Heap after GC invocations=17 (full 2):
 PSYoungGen      total 25088K, used 896K [0x00000000eab00000, 0x00000000ec580000, 0x0000000100000000)
  eden space 22016K, 0% used [0x00000000eab00000,0x00000000eab00000,0x00000000ec080000)
  from space 3072K, 29% used [0x00000000ec080000,0x00000000ec160000,0x00000000ec380000)
  to   space 1536K, 0% used [0x00000000ec400000,0x00000000ec400000,0x00000000ec580000)
 ParOldGen       total 68608K, used 19900K [0x00000000c0000000, 0x00000000c4300000, 0x00000000eab00000)
  object space 68608K, 29% used [0x00000000c0000000,0x00000000c136f3c8,0x00000000c4300000)
 Metaspace       used 40412K, committed 41472K, reserved 1114112K
  class space    used 4138K, committed 4544K, reserved 1048576K
}
Event: 11.851 GC heap before
{Heap before GC invocations=18 (full 2):
 PSYoungGen      total 25088K, used 22912K [0x00000000eab00000, 0x00000000ec580000, 0x0000000100000000)
  eden space 22016K, 100% used [0x00000000eab00000,0x00000000ec080000,0x00000000ec080000)
  from space 3072K, 29% used [0x00000000ec080000,0x00000000ec160000,0x00000000ec380000)
  to   space 1536K, 0% used [0x00000000ec400000,0x00000000ec400000,0x00000000ec580000)
 ParOldGen       total 68608K, used 19900K [0x00000000c0000000, 0x00000000c4300000, 0x00000000eab00000)
  object space 68608K, 29% used [0x00000000c0000000,0x00000000c136f3c8,0x00000000c4300000)
 Metaspace       used 43006K, committed 44096K, reserved 1114112K
  class space    used 4467K, committed 4928K, reserved 1048576K
}
Event: 11.856 GC heap after
{Heap after GC invocations=18 (full 2):
 PSYoungGen      total 23552K, used 1376K [0x00000000eab00000, 0x00000000ec580000, 0x0000000100000000)
  eden space 22016K, 0% used [0x00000000eab00000,0x00000000eab00000,0x00000000ec080000)
  from space 1536K, 89% used [0x00000000ec400000,0x00000000ec558000,0x00000000ec580000)
  to   space 1536K, 0% used [0x00000000ec280000,0x00000000ec280000,0x00000000ec400000)
 ParOldGen       total 68608K, used 20704K [0x00000000c0000000, 0x00000000c4300000, 0x00000000eab00000)
  object space 68608K, 30% used [0x00000000c0000000,0x00000000c14383f8,0x00000000c4300000)
 Metaspace       used 43006K, committed 44096K, reserved 1114112K
  class space    used 4467K, committed 4928K, reserved 1048576K
}
Event: 12.667 GC heap before
{Heap before GC invocations=19 (full 2):
 PSYoungGen      total 23552K, used 23392K [0x00000000eab00000, 0x00000000ec580000, 0x0000000100000000)
  eden space 22016K, 100% used [0x00000000eab00000,0x00000000ec080000,0x00000000ec080000)
  from space 1536K, 89% used [0x00000000ec400000,0x00000000ec558000,0x00000000ec580000)
  to   space 1536K, 0% used [0x00000000ec280000,0x00000000ec280000,0x00000000ec400000)
 ParOldGen       total 68608K, used 20704K [0x00000000c0000000, 0x00000000c4300000, 0x00000000eab00000)
  object space 68608K, 30% used [0x00000000c0000000,0x00000000c14383f8,0x00000000c4300000)
 Metaspace       used 46085K, committed 47104K, reserved 1114112K
  class space    used 4890K, committed 5312K, reserved 1048576K
}
Event: 12.673 GC heap after
{Heap after GC invocations=19 (full 2):
 PSYoungGen      total 23552K, used 1242K [0x00000000eab00000, 0x00000000ec480000, 0x0000000100000000)
  eden space 22016K, 0% used [0x00000000eab00000,0x00000000eab00000,0x00000000ec080000)
  from space 1536K, 80% used [0x00000000ec280000,0x00000000ec3b6b38,0x00000000ec400000)
  to   space 512K, 0% used [0x00000000ec400000,0x00000000ec400000,0x00000000ec480000)
 ParOldGen       total 68608K, used 21956K [0x00000000c0000000, 0x00000000c4300000, 0x00000000eab00000)
  object space 68608K, 32% used [0x00000000c0000000,0x00000000c1571108,0x00000000c4300000)
 Metaspace       used 46085K, committed 47104K, reserved 1114112K
  class space    used 4890K, committed 5312K, reserved 1048576K
}
Event: 13.290 GC heap before
{Heap before GC invocations=20 (full 2):
 PSYoungGen      total 23552K, used 23258K [0x00000000eab00000, 0x00000000ec480000, 0x0000000100000000)
  eden space 22016K, 100% used [0x00000000eab00000,0x00000000ec080000,0x00000000ec080000)
  from space 1536K, 80% used [0x00000000ec280000,0x00000000ec3b6b38,0x00000000ec400000)
  to   space 512K, 0% used [0x00000000ec400000,0x00000000ec400000,0x00000000ec480000)
 ParOldGen       total 68608K, used 21956K [0x00000000c0000000, 0x00000000c4300000, 0x00000000eab00000)
  object space 68608K, 32% used [0x00000000c0000000,0x00000000c1571108,0x00000000c4300000)
 Metaspace       used 48867K, committed 49920K, reserved 1114112K
  class space    used 5206K, committed 5632K, reserved 1048576K
}
Event: 13.295 GC heap after
{Heap after GC invocations=20 (full 2):
 PSYoungGen      total 22528K, used 512K [0x00000000eab00000, 0x00000000ec580000, 0x0000000100000000)
  eden space 22016K, 0% used [0x00000000eab00000,0x00000000eab00000,0x00000000ec080000)
  from space 512K, 100% used [0x00000000ec400000,0x00000000ec480000,0x00000000ec480000)
  to   space 2560K, 0% used [0x00000000ec080000,0x00000000ec080000,0x00000000ec300000)
 ParOldGen       total 68608K, used 23648K [0x00000000c0000000, 0x00000000c4300000, 0x00000000eab00000)
  object space 68608K, 34% used [0x00000000c0000000,0x00000000c1718170,0x00000000c4300000)
 Metaspace       used 48867K, committed 49920K, reserved 1114112K
  class space    used 5206K, committed 5632K, reserved 1048576K
}
Event: 14.541 GC heap before
{Heap before GC invocations=21 (full 2):
 PSYoungGen      total 22528K, used 22528K [0x00000000eab00000, 0x00000000ec580000, 0x0000000100000000)
  eden space 22016K, 100% used [0x00000000eab00000,0x00000000ec080000,0x00000000ec080000)
  from space 512K, 100% used [0x00000000ec400000,0x00000000ec480000,0x00000000ec480000)
  to   space 2560K, 0% used [0x00000000ec080000,0x00000000ec080000,0x00000000ec300000)
 ParOldGen       total 68608K, used 23648K [0x00000000c0000000, 0x00000000c4300000, 0x00000000eab00000)
  object space 68608K, 34% used [0x00000000c0000000,0x00000000c1718170,0x00000000c4300000)
 Metaspace       used 50507K, committed 51648K, reserved 1114112K
  class space    used 5385K, committed 5824K, reserved 1048576K
}
Event: 14.545 GC heap after
{Heap after GC invocations=21 (full 2):
 PSYoungGen      total 24064K, used 1640K [0x00000000eab00000, 0x00000000ec480000, 0x0000000100000000)
  eden space 22016K, 0% used [0x00000000eab00000,0x00000000eab00000,0x00000000ec080000)
  from space 2048K, 80% used [0x00000000ec080000,0x00000000ec21a1b8,0x00000000ec280000)
  to   space 2048K, 0% used [0x00000000ec280000,0x00000000ec280000,0x00000000ec480000)
 ParOldGen       total 68608K, used 24145K [0x00000000c0000000, 0x00000000c4300000, 0x00000000eab00000)
  object space 68608K, 35% used [0x00000000c0000000,0x00000000c17946f0,0x00000000c4300000)
 Metaspace       used 50507K, committed 51648K, reserved 1114112K
  class space    used 5385K, committed 5824K, reserved 1048576K
}

